app/proguard-rules.pro
# Add project specific ProGuard rules here.
-keepattributes *Annotation*
-keep class androidx.room.** { *; }
-keep class com.factory.aquacoachsmarthydrationai.data.local.** { *; }