app/build/outputs/mapping/release/seeds.txt
com.factory.aquacoachsmarthydrationai.data.local.WaterEntryDao_Impl$5
com.factory.aquacoachsmarthydrationai.data.local.AppDatabase_Impl$1
com.factory.aquacoachsmarthydrationai.data.local.WaterEntryDao
com.factory.aquacoachsmarthydrationai.data.local.WaterEntry
com.factory.aquacoachsmarthydrationai.data.local.WaterEntryDao_Impl$7
com.factory.aquacoachsmarthydrationai.data.local.WaterEntryDao_Impl$8
com.factory.aquacoachsmarthydrationai.AquaCoachApplication
com.factory.aquacoachsmarthydrationai.data.local.AppDatabase$Companion
com.factory.aquacoachsmarthydrationai.data.local.WaterEntryDao_Impl$10
com.factory.aquacoachsmarthydrationai.data.local.WaterEntryDao_Impl$6
com.factory.aquacoachsmarthydrationai.MainActivity
com.factory.aquacoachsmarthydrationai.data.local.WaterEntryDao_Impl
com.factory.aquacoachsmarthydrationai.notification.BootReceiver
com.factory.aquacoachsmarthydrationai.data.local.WaterEntryDao_Impl$9
com.factory.aquacoachsmarthydrationai.data.local.WaterEntryDao_Impl$4
com.factory.aquacoachsmarthydrationai.data.local.WaterEntryDao_Impl$2
com.factory.aquacoachsmarthydrationai.notification.ReminderWorker
com.factory.aquacoachsmarthydrationai.data.local.WaterEntryDao_Impl$11
com.factory.aquacoachsmarthydrationai.data.local.WaterEntryDao_Impl$1
com.factory.aquacoachsmarthydrationai.data.local.AppDatabase
com.factory.aquacoachsmarthydrationai.data.local.AppDatabase_Impl
com.factory.aquacoachsmarthydrationai.data.local.DailyTotal
com.factory.aquacoachsmarthydrationai.data.local.WaterEntryDao_Impl$3
com.factory.aquacoachsmarthydrationai.data.local.WaterEntryDao_Impl$12
com.factory.aquacoachsmarthydrationai.data.local.AppDatabase_Impl$1: com.factory.aquacoachsmarthydrationai.data.local.AppDatabase_Impl this$0
com.factory.aquacoachsmarthydrationai.data.local.WaterEntryDao_Impl$12: com.factory.aquacoachsmarthydrationai.data.local.WaterEntryDao_Impl this$0
com.factory.aquacoachsmarthydrationai.data.local.WaterEntryDao_Impl: androidx.room.SharedSQLiteStatement __preparedStmtOfClearAll
com.factory.aquacoachsmarthydrationai.data.local.WaterEntryDao_Impl$1: com.factory.aquacoachsmarthydrationai.data.local.WaterEntryDao_Impl this$0
com.factory.aquacoachsmarthydrationai.data.local.DailyTotal: int totalMl
com.factory.aquacoachsmarthydrationai.data.local.WaterEntryDao_Impl$5: com.factory.aquacoachsmarthydrationai.data.local.WaterEntry val$entry
com.factory.aquacoachsmarthydrationai.data.local.WaterEntryDao_Impl$12: androidx.room.RoomSQLiteQuery val$_statement
com.factory.aquacoachsmarthydrationai.data.local.WaterEntry: long id
com.factory.aquacoachsmarthydrationai.data.local.WaterEntry: int amountMl
com.factory.aquacoachsmarthydrationai.data.local.WaterEntryDao_Impl: androidx.room.RoomDatabase __db
com.factory.aquacoachsmarthydrationai.data.local.WaterEntryDao_Impl: androidx.room.SharedSQLiteStatement __preparedStmtOfDeleteById
com.factory.aquacoachsmarthydrationai.data.local.WaterEntryDao_Impl$6: com.factory.aquacoachsmarthydrationai.data.local.WaterEntry val$entry
com.factory.aquacoachsmarthydrationai.data.local.DailyTotal: long dayEpochDay
com.factory.aquacoachsmarthydrationai.data.local.WaterEntry: long timestampEpochMillis
com.factory.aquacoachsmarthydrationai.data.local.WaterEntryDao_Impl$11: androidx.room.RoomSQLiteQuery val$_statement
com.factory.aquacoachsmarthydrationai.data.local.AppDatabase: com.factory.aquacoachsmarthydrationai.data.local.AppDatabase INSTANCE
com.factory.aquacoachsmarthydrationai.data.local.WaterEntry: long dayEpochDay
com.factory.aquacoachsmarthydrationai.data.local.WaterEntryDao_Impl$7: com.factory.aquacoachsmarthydrationai.data.local.WaterEntryDao_Impl this$0
com.factory.aquacoachsmarthydrationai.data.local.WaterEntryDao_Impl$3: com.factory.aquacoachsmarthydrationai.data.local.WaterEntryDao_Impl this$0
com.factory.aquacoachsmarthydrationai.data.local.WaterEntryDao_Impl$6: com.factory.aquacoachsmarthydrationai.data.local.WaterEntryDao_Impl this$0
...
androidx.room.RoomDatabaseKt$invalidationTrackerFlow$1: java.lang.Object invoke(kotlinx.coroutines.channels.ProducerScope,kotlin.coroutines.Continuation)
androidx.lifecycle.EmptyActivityLifecycleCallbacks: void onActivityStarted(android.app.Activity)
androidx.room.QueryInterceptorDatabase: void query$lambda$8(androidx.room.QueryInterceptorDatabase,androidx.sqlite.db.SupportSQLiteQuery,androidx.room.QueryInterceptorProgram)
androidx.room.QueryInterceptorDatabase: android.database.Cursor query(androidx.sqlite.db.SupportSQLiteQuery)
androidx.core.os.ConfigurationCompat$Api24Impl: android.os.LocaleList getLocales(android.content.res.Configuration)
androidx.navigation.compose.DialogNavigator: DialogNavigator()
androidx.room.AutoClosingRoomOpenHelper$AutoClosingSupportSQLiteDatabase$setMaxSqlCacheSize$1: java.lang.Object invoke(androidx.sqlite.db.SupportSQLiteDatabase)
androidx.room.QueryInterceptorDatabase: void beginTransaction$lambda$0(androidx.room.QueryInterceptorDatabase)
androidx.room.AutoClosingRoomOpenHelper$KeepAliveCursor: java.lang.String getColumnName(int)
androidx.room.AutoClosingRoomOpenHelper$AutoClosingSupportSQLiteDatabase$update$1: java.lang.Object invoke(java.lang.Object)
androidx.room.MultiInstanceInvalidationClient: androidx.room.InvalidationTracker$Observer getObserver()
androidx.compose.ui.window.PopupLayout: android.view.WindowManager$LayoutParams getParams$ui_release()
androidx.room.AutoClosingRoomOpenHelper$AutoClosingSupportSQLiteDatabase$inTransaction$1: java.lang.Object invoke(java.lang.Object)
androidx.compose.ui.text.android.StaticLayoutFactoryDefault: android.text.StaticLayout create(androidx.compose.ui.text.android.StaticLayoutParams)
androidx.room.util.DBUtil: android.os.CancellationSignal createCancellationSignal()
androidx.room.ForeignKey$Companion: ForeignKey$Companion()
androidx.compose.animation.core.AnimationEndReason: androidx.compose.animation.core.AnimationEndReason valueOf(java.lang.String)
androidx.core.view.accessibility.AccessibilityNodeInfoCompat$Api30Impl: java.lang.CharSequence getStateDescription(android.view.accessibility.AccessibilityNodeInfo)
androidx.core.view.WindowInsetsCompat$Impl20: androidx.core.graphics.Insets getRootStableInsets()
androidx.room.InvalidationTracker$ObservedTableTracker: InvalidationTracker$ObservedTableTracker(int)
androidx.core.view.WindowInsetsCompat$Impl: void copyWindowDataInto(androidx.core.view.WindowInsetsCompat)
androidx.room.util.FtsTableInfo$Companion: FtsTableInfo$Companion()
androidx.room.RoomDatabase: androidx.room.InvalidationTracker getInvalidationTracker()
androidx.room.MultiInstanceInvalidationClient: java.util.concurrent.atomic.AtomicBoolean getStopped()
androidx.room.util.ViewInfo$Companion: ViewInfo$Companion(kotlin.jvm.internal.DefaultConstructorMarker)
androidx.compose.ui.text.android.StaticLayoutFactoryImpl: android.text.StaticLayout create(androidx.compose.ui.text.android.StaticLayoutParams)
androidx.compose.ui.platform.AndroidComposeView: androidx.compose.ui.draganddrop.DragAndDropManager getDragAndDropManager()
androidx.compose.ui.platform.TextToolbarStatus: androidx.compose.ui.platform.TextToolbarStatus[] values()
androidx.room.migration.Migration: void migrate(androidx.sqlite.db.SupportSQLiteDatabase)
kotlin.jvm.internal.PropertyReference: boolean equals(java.lang.Object)
androidx.room.AutoClosingRoomOpenHelper$AutoClosingSupportSQLiteDatabase: android.database.Cursor query(java.lang.String,java.lang.Object[])
androidx.core.view.WindowInsetsCompat$BuilderImpl: void applyInsetTypes()
androidx.room.util.TableInfo$Column: boolean defaultValueEquals(java.lang.String,java.lang.String)
androidx.room.AutoClosingRoomOpenHelper$AutoClosingSupportSQLiteDatabase: void beginTransactionNonExclusive()
androidx.room.AutoClosingRoomOpenHelper$AutoClosingSupportSQLiteDatabase$attachedDbs$1: java.util.List invoke(androidx.sqlite.db.SupportSQLiteDatabase)