app/build/outputs/mapping/release/usage.txt
com.factory.aquacoachsmarthydrationai.R$color
com.factory.aquacoachsmarthydrationai.R$drawable
com.factory.aquacoachsmarthydrationai.R$mipmap
com.factory.aquacoachsmarthydrationai.R$string:
    public static int app_name
    private void <init>()
com.factory.aquacoachsmarthydrationai.R$style
com.factory.aquacoachsmarthydrationai.R$xml
com.factory.aquacoachsmarthydrationai.R
com.factory.aquacoachsmarthydrationai.data.billing.BillingConnectionState$Connected:
    public static final int $stable
com.factory.aquacoachsmarthydrationai.data.billing.BillingConnectionState$Connecting:
    public static final int $stable
com.factory.aquacoachsmarthydrationai.data.billing.BillingConnectionState$Disconnected:
    public static final int $stable
com.factory.aquacoachsmarthydrationai.data.billing.BillingConnectionState$Error:
    public static final int $stable
    public final java.lang.String component1()
    public final com.factory.aquacoachsmarthydrationai.data.billing.BillingConnectionState$Error copy(java.lang.String)
    public static synthetic com.factory.aquacoachsmarthydrationai.data.billing.BillingConnectionState$Error copy$default(com.factory.aquacoachsmarthydrationai.data.billing.BillingConnectionState$Error,java.lang.String,int,java.lang.Object)
com.factory.aquacoachsmarthydrationai.data.billing.BillingManager:
    public final void endConnection()
com.factory.aquacoachsmarthydrationai.data.billing.BillingManagerKt
com.factory.aquacoachsmarthydrationai.data.billing.BillingModelsKt
com.factory.aquacoachsmarthydrationai.data.billing.PremiumManager$special$$inlined$map$1$2$1:
    java.lang.Object L$0
com.factory.aquacoachsmarthydrationai.data.billing.PremiumProduct:
    public static final int $stable
    public final java.lang.String component1()
    public final java.lang.String component2()
    public final java.lang.String component3()
    public final java.lang.String component4()
    public final com.factory.aquacoachsmarthydrationai.data.billing.PremiumProduct copy(java.lang.String,java.lang.String,java.lang.String,java.lang.String)
    public static synthetic com.factory.aquacoachsmarthydrationai.data.billing.PremiumProduct copy$default(com.factory.aquacoachsmarthydrationai.data.billing.PremiumProduct,java.lang.String,java.lang.String,java.lang.String,java.lang.String,int,java.lang.Object)
com.factory.aquacoachsmarthydrationai.data.billing.PremiumSource:
    public static kotlin.enums.EnumEntries getEntries()
com.factory.aquacoachsmarthydrationai.data.billing.PremiumState:
    public static final int $stable
    public void <init>()
    public final boolean component1()
    public final com.factory.aquacoachsmarthydrationai.data.billing.PremiumSource component2()
    public final boolean component3()
    public final com.factory.aquacoachsmarthydrationai.data.billing.PremiumState copy(boolean,com.factory.aquacoachsmarthydrationai.data.billing.PremiumSource,boolean)
    public static synthetic com.factory.aquacoachsmarthydrationai.data.billing.PremiumState copy$default(com.factory.aquacoachsmarthydrationai.data.billing.PremiumState,boolean,com.factory.aquacoachsmarthydrationai.data.billing.PremiumSource,boolean,int,java.lang.Object)
    public final com.factory.aquacoachsmarthydrationai.data.billing.PremiumSource getSource()
    public final boolean isSupporter()
com.factory.aquacoachsmarthydrationai.data.billing.PurchaseEvent$Cancelled:
    public static final int $stable
com.factory.aquacoachsmarthydrationai.data.billing.PurchaseEvent$Error:
    public static final int $stable
    public final java.lang.String component1()
    public final com.factory.aquacoachsmarthydrationai.data.billing.PurchaseEvent$Error copy(java.lang.String)
    public static synthetic com.factory.aquacoachsmarthydrationai.data.billing.PurchaseEvent$Error copy$default(com.factory.aquacoachsmarthydrationai.data.billing.PurchaseEvent$Error,java.lang.String,int,java.lang.Object)
...
androidx.compose.material.icons.twotone.MarkEmailUnreadKt
androidx.compose.material.icons.twotone.MarkUnreadChatAltKt
androidx.compose.material.icons.twotone.MarkunreadKt
androidx.compose.material.icons.twotone.MarkunreadMailboxKt
androidx.compose.material.icons.twotone.MasksKt
androidx.compose.material.icons.twotone.MaximizeKt
androidx.compose.material.icons.twotone.MediaBluetoothOffKt
androidx.compose.material.icons.twotone.MediaBluetoothOnKt
androidx.compose.material.icons.twotone.MediationKt
androidx.compose.material.icons.twotone.MedicalInformationKt
androidx.compose.material.icons.twotone.MedicalServicesKt
androidx.compose.material.icons.twotone.MedicationKt
androidx.compose.material.icons.twotone.MeetingRoomKt
androidx.compose.material.icons.twotone.MemoryKt
androidx.compose.material.icons.twotone.MenuBookKt
androidx.compose.material.icons.twotone.MenuKt
androidx.compose.material.icons.twotone.MenuOpenKt
androidx.compose.material.icons.twotone.MergeKt
androidx.compose.material.icons.twotone.MergeTypeKt
androidx.compose.material.icons.twotone.MessageKt
androidx.compose.material.icons.twotone.MicExternalOffKt
androidx.compose.material.icons.twotone.MicExternalOnKt
androidx.compose.material.icons.twotone.MicKt
androidx.compose.material.icons.twotone.MicNoneKt
androidx.compose.material.icons.twotone.MicOffKt
androidx.compose.material.icons.twotone.MicrowaveKt
androidx.compose.material.icons.twotone.MilitaryTechKt
androidx.compose.material.icons.twotone.MinimizeKt
androidx.compose.material.icons.twotone.MinorCrashKt
androidx.compose.material.icons.twotone.MiscellaneousServicesKt
androidx.compose.material.icons.twotone.MissedVideoCallKt
androidx.compose.material.icons.twotone.MmsKt
androidx.compose.material.icons.twotone.MobileFriendlyKt
androidx.compose.material.icons.twotone.MobileOffKt
androidx.compose.material.icons.twotone.MobileScreenShareKt
androidx.compose.material.icons.twotone.MobiledataOffKt
androidx.compose.material.icons.twotone.ModeCommentKt
androidx.compose.material.icons.twotone.ModeEditKt
androidx.compose.material.icons.twotone.ModeEditOutlineKt
androidx.compose.material.icons.twotone.ModeFanOffKt
androidx.compose.material.icons.twotone.ModeKt
androidx.compose.material.icons.twotone.ModeNightKt
androidx.compose.material.icons.twotone.ModeOfTravelKt
androidx.compose.material.icons.twotone.ModeStandbyKt
androidx.compose.material.icons.twotone.ModelTrainingKt
androidx.compose.material.icons.twotone.MonetizationOnKt
androidx.compose.material.icons.twotone.MoneyKt
androidx.compose.material.icons.twotone.MoneyOffCsredKt
androidx.compose.material.icons.twotone.MoneyOffKt
androidx.compose.material.icons.twotone.MonitorHeartKt
androidx.compose.material.icons.twotone.MonitorKt
androidx.compose.material.icons.twotone.MonitorWeightKt
androidx.compose.material.icons.twotone.MonochromePhotosKt
androidx.compose.material.icons.twotone.MoodBadKt
androidx.compose.material.icons.twotone.MoodKt
androidx.compose.material.icons.twotone.MopedKt
androidx.compose.material.icons.twotone.MoreHorizKt
androidx.compose.material.icons.twotone.MoreKt
androidx.compose.material.icons.twotone.MoreTimeKt
androidx.compose.material.icons.twotone.MoreVertKt
androidx.compose.material.icons.twotone.MosqueKt
androidx.compose.material.icons.twotone.MotionPhotosAutoKt
androidx.compose.material.icons.twotone.MotionPhotosOffKt
androidx.compose.material.icons.twotone.MotionPhotosOnKt
androidx.compose.material.icons.twotone.MotionPhotosPauseKt
androidx.compose.material.icons.twotone.MotionPhotosPausedKt
androidx.compose.material.icons.twotone.MotorcycleKt
androidx.compose.material.icons.twotone.MouseKt
androidx.compose.material.icons.twotone.MoveDownKt
androidx.compose.material.icons.twotone.MoveToInboxKt
androidx.compose.material.icons.twotone.MoveUpKt
androidx.compose.material.icons.twotone.MovieCreationKt
androidx.compose.material.icons.twotone.MovieFilterKt
androidx.compose.material.icons.twotone.MovieKt